   Compiling tidyflow-core v0.1.0 (/Users/godbobo/work/projects/tidyflow/core)
warning: unused import: `self`
  --> src/server/ws.rs:19:31
   |
19 | use crate::server::file_api::{self, FileApiError};
   |                               ^^^^
   |
   = note: `#[warn(unused_imports)]` (part of `#[warn(unused)]`) on by default

warning: unused import: `crate::server::file_index`
  --> src/server/ws.rs:20:5
   |
20 | use crate::server::file_index;
   |     ^^^^^^^^^^^^^^^^^^^^^^^^^

warning: unused import: `FileEntryInfo`
  --> src/server/ws.rs:25:39
   |
25 |     ClientMessage, CustomCommandInfo, FileEntryInfo, GitBranchInfo, GitStatusEntry, ProjectInfo, ServerMessage, TerminalInfo, WorkspaceIn...
   |                                       ^^^^^^^^^^^^^

warning: unused import: `std::sync::Arc`
 --> src/server/handlers/file.rs:3:5
  |
3 | use std::sync::Arc;
  |     ^^^^^^^^^^^^^^

warning: unused import: `tokio::sync::Mutex`
 --> src/server/handlers/file.rs:4:5
  |
4 | use tokio::sync::Mutex;
  |     ^^^^^^^^^^^^^^^^^^

warning: function `file_error_to_response` is never used
   --> src/server/ws.rs:604:4
    |
604 | fn file_error_to_response(e: &FileApiError) -> (String, String) {
    |    ^^^^^^^^^^^^^^^^^^^^^^
    |
    = note: `#[warn(dead_code)]` (part of `#[warn(unused)]`) on by default

warning: `tidyflow-core` (lib) generated 6 warnings (run `cargo fix --lib -p tidyflow-core` to apply 5 suggestions)
    Finished `dev` profile [unoptimized + debuginfo] target(s) in 19.71s
   Compiling tidyflow-core v0.1.0 (/Users/godbobo/work/projects/tidyflow/core)
    Finished `dev` profile [unoptimized + debuginfo] target(s) in 7.08s
